29/07/2022 06:38:08 - /favicon.ico - Page non trouvée !
29/07/2022 07:26:50 - /api/v1/categories/1/articles - Aucun article trouvé dans cette catégorie
29/07/2022 07:27:47 - /api/v1/categories/2/articles - Aucun article trouvé dans cette catégorie
29/07/2022 07:27:51 - /api/v1/categories/5/articles - Aucun article trouvé dans cette catégorie
29/07/2022 07:27:54 - /api/v1/categories/120/articles - Aucun article trouvé dans cette catégorie
29/07/2022 07:27:58 - /api/v1/categories/245/articles - Aucun article trouvé dans cette catégorie
29/07/2022 09:00:10 - /api/v1/users/1/articles - Aucun article trouvé pour cet utilisateur
29/07/2022 09:24:37 - /api/v1/articles/%7BarticleId%7D/comments - Page non trouvée !
29/07/2022 09:24:47 - /api/v1/users/1/articles - Aucun article trouvé pour cet utilisateur
29/07/2022 09:26:26 - /api/v1/articles/%7BarticleId%7D/comments - Page non trouvée !
29/07/2022 09:44:44 - /api/v1/users/1/article_comments - Aucun commentaire trouvé pour cet utilisateur
29/07/2022 09:49:46 - /api/v1/users/1/article_comments - Aucun commentaire trouvé pour cet utilisateur
29/07/2022 10:22:11 - /api/v1/signup - L'utilisateur existe déjà !
29/07/2022 11:18:27 - /api/v1/users/1/error_comments - Aucun commentaire trouvé pour cet utilisateur
29/07/2022 11:22:44 - /api/v1/users/1/article_comments - Aucun commentaire trouvé pour cet utilisateur
29/07/2022 11:30:17 - /api/v1/users/1/error_comments - Aucun token trouvé
29/07/2022 11:30:50 - /api/v1/users/1/error_comments - Aucun commentaire trouvé pour cet utilisateur
29/07/2022 12:14:52 - /api/v1/articles - Accès interdit !
29/07/2022 12:18:59 - /api/v1/articles - Accès interdit !
29/07/2022 14:02:58 - /api/v1/errors/last - Donnée non valide
29/07/2022 14:04:30 - /api/v1/errors/last - Donnée non valide
29/07/2022 14:04:48 - /api/v1/articles/last - Donnée non valide
29/07/2022 14:04:50 - /api/v1/articles/last - Donnée non valide
29/07/2022 14:32:26 - /api/v1/categories/1/errors - Aucun ticket d'erreur trouvé dans cette catégorie
29/07/2022 14:32:33 - /api/v1/categories/9/errors - Aucun ticket d'erreur trouvé dans cette catégorie
29/07/2022 14:32:39 - /api/v1/categories/180/errors - Aucun ticket d'erreur trouvé dans cette catégorie
29/07/2022 14:32:45 - /api/v1/categories/200/errors - Aucun ticket d'erreur trouvé dans cette catégorie
29/07/2022 14:32:56 - /api/v1/categories/280/errors - Aucun ticket d'erreur trouvé dans cette catégorie
29/07/2022 14:33:00 - /api/v1/categories/287/errors - Aucun ticket d'erreur trouvé dans cette catégorie
29/07/2022 14:33:10 - /api/v1/categories/40/errors - Aucun ticket d'erreur trouvé dans cette catégorie
29/07/2022 14:33:14 - /api/v1/categories/10/errors - Aucun ticket d'erreur trouvé dans cette catégorie
29/07/2022 14:33:37 - /api/v1/categories/65/errors - Aucun ticket d'erreur trouvé dans cette catégorie
29/07/2022 14:38:34 - /api/v1/users/1/articles - Aucun article trouvé pour cet utilisateur
29/07/2022 14:45:04 - /api/v1/users/1/articles - Aucun article trouvé pour cet utilisateur
29/07/2022 17:37:15 - /api/v1/users/1/panel - Aucun token trouvé

