27/07/2022 07:29:44 - /api/v1/articles - Token is invalid !
27/07/2022 07:29:50 - /api/v1/signin - L'utilisateur non reconnu !
27/07/2022 08:02:33 - /api/v1/users/1 - No token found
27/07/2022 08:12:10 - /api/v1/users/1 - No token found
27/07/2022 11:13:45 - /api/v1/signup - L'utilisateur existe déjà !
27/07/2022 11:46:59 - /api/v1/signup - Donnée non valide
27/07/2022 12:09:25 - /api/v1/signin - L'utilisateur non reconnu !
27/07/2022 12:14:03 - /api/v1/signin - L'email ou le mot de passe n'est pas valide
27/07/2022 13:10:50 - /api/v1/signout - Token is invalid !
27/07/2022 13:21:52 - /api/v1/signin - L'email ou le mot de passe n'est pas valide
27/07/2022 13:34:55 - /api/v1/signup - L'utilisateur existe déjà !
27/07/2022 13:58:37 - /api/v1/refreshtoken - No token found
27/07/2022 14:14:55 - /api/v1/signup - L'utilisateur existe déjà !
27/07/2022 14:16:33 - /api/v1/signup - L'utilisateur existe déjà !
27/07/2022 14:18:16 - /api/v1/signup - L'utilisateur existe déjà !
27/07/2022 14:24:59 - /api/v1/users/1 - No token found
27/07/2022 14:40:57 - /api/v1/signup - L'utilisateur existe déjà !
27/07/2022 15:19:34 - /api/v1/refreshtoken - No token found
27/07/2022 15:20:21 - /api/v1/refreshtoken - No token found
27/07/2022 16:31:05 - /api/v1/users/1 - No token found
27/07/2022 16:34:20 - /api/v1/refreshtoken - No token found
27/07/2022 16:34:22 - /api/v1/refreshtoken - No token found
27/07/2022 16:35:12 - /api/v1/users/1 - No token found
27/07/2022 16:41:05 - /api/v1/users/1 - No token found
27/07/2022 16:41:07 - /api/v1/users/1 - No token found
27/07/2022 16:51:13 - /api/v1/users/1 - No token found
27/07/2022 16:52:48 - /api/v1/users/1 - No token found
27/07/2022 16:53:28 - /api/v1/users/1 - No token found
27/07/2022 16:54:35 - /api/v1/users/1 - No token found
27/07/2022 16:57:28 - /api/v1/users/1 - No token found
27/07/2022 17:36:46 - /api/v1/signout - Token is invalid !
27/07/2022 17:40:18 - /api/v1/users/1 - No token found
27/07/2022 21:32:19 - /favicon.ico - Page not found !
